ionic_koreanapp/platforms/android/build/outputs/logs/manifest-merger-release-report.txt
-- Merging decision tree log ---
manifest
ADDED from platforms\android\AndroidManifest.xml:2:1-30:12
	package
		ADDED from platforms\android\AndroidManifest.xml:2:102-135
		INJECTED from platforms\android\AndroidManifest.xml
		INJECTED from platforms\android\AndroidManifest.xml
	android:versionName
		ADDED from platforms\android\AndroidManifest.xml:2:74-101
		INJECTED from platforms\android\AndroidManifest.xml
		INJECTED from platforms\android\AndroidManifest.xml
	android:hardwareAccelerated
		ADDED from platforms\android\AndroidManifest.xml:2:11-45
	android:versionCode
		ADDED from platforms\android\AndroidManifest.xml:2:46-73
		INJECTED from platforms\android\AndroidManifest.xml
		INJECTED from platforms\android\AndroidManifest.xml
	xmlns:android
		ADDED from platforms\android\AndroidManifest.xml:2:136-194
supports-screens
ADDED from platforms\android\AndroidManifest.xml:3:5-191
	android:largeScreens
		ADDED from platforms\android\AndroidManifest.xml:3:49-76
	android:smallScreens
		ADDED from platforms\android\AndroidManifest.xml:3:132-159
	android:normalScreens
		ADDED from platforms\android\AndroidManifest.xml:3:77-105
	android:xlargeScreens
		ADDED from platforms\android\AndroidManifest.xml:3:160-188
	android:resizeable
		ADDED from platforms\android\AndroidManifest.xml:3:106-131
	android:anyDensity
		ADDED from platforms\android\AndroidManifest.xml:3:23-48
uses-permission#android.permission.INTERNET
ADDED from platforms\android\AndroidManifest.xml:4:5-67
	android:name
		ADDED from platforms\android\AndroidManifest.xml:4:22-64
application
ADDED from platforms\android\AndroidManifest.xml:5:5-22:19
MERGED from [com.kakao.sdk:auth:1.12.0] AndroidManifest.xml:11:5-24:19
MERGED from [com.android.support:appcompat-v7:25.4.0] AndroidManifest.xml:25:5-29:19
MERGED from [com.android.support:animated-vector-drawable:25.4.0] AndroidManifest.xml:22:5-26:19
MERGED from [com.android.support:support-vector-drawable:25.4.0] AndroidManifest.xml:22:5-26:19
	android:label
		ADDED from platforms\android\AndroidManifest.xml:5:81-113
	android:supportsRtl
		ADDED from platforms\android\AndroidManifest.xml:5:114-140
	android:hardwareAccelerated
		ADDED from platforms\android\AndroidManifest.xml:5:18-52
	android:icon
		ADDED from platforms\android\AndroidManifest.xml:5:53-80
activity#com.digitalce.digitalce.MainActivity
ADDED from platforms\android\AndroidManifest.xml:6:9-17:20
	android:label
		ADDED from platforms\android\AndroidManifest.xml:6:97-134
	android:launchMode
		ADDED from platforms\android\AndroidManifest.xml:6:135-165
	android:windowSoftInputMode
		ADDED from platforms\android\AndroidManifest.xml:6:257-299
	android:configChanges
		ADDED from platforms\android\AndroidManifest.xml:6:19-96
	android:theme
		ADDED from platforms\android\AndroidManifest.xml:6:194-256
	android:name
		ADDED from platforms\android\AndroidManifest.xml:6:166-193
intent-filter#android.intent.action.MAIN+android.intent.category.LAUNCHER
ADDED from platforms\android\AndroidManifest.xml:7:13-10:29
	android:label
		ADDED from platforms\android\AndroidManifest.xml:7:28-65
action#android.intent.action.MAIN
ADDED from platforms\android\AndroidManifest.xml:8:17-69
	android:name
		ADDED from platforms\android\AndroidManifest.xml:8:25-66
category#android.intent.category.LAUNCHER
ADDED from platforms\android\AndroidManifest.xml:9:17-77
	android:name
		ADDED from platforms\android\AndroidManifest.xml:9:27-74
intent-filter#android.intent.action.VIEW+android.intent.category.BROWSABLE+android.intent.category.DEFAULT
ADDED from platforms\android\AndroidManifest.xml:11:13-16:29
action#android.intent.action.VIEW
ADDED from platforms\android\AndroidManifest.xml:12:17-69
	android:name
		ADDED from platforms\android\AndroidManifest.xml:12:25-66
category#android.intent.category.DEFAULT
ADDED from platforms\android\AndroidManifest.xml:13:17-76
	android:name
		ADDED from platforms\android\AndroidManifest.xml:13:27-73
category#android.intent.category.BROWSABLE
ADDED from platforms\android\AndroidManifest.xml:14:17-78
	android:name
		ADDED from platforms\android\AndroidManifest.xml:14:27-75
data
ADDED from platforms\android\AndroidManifest.xml:15:17-101
	android:host
		ADDED from platforms\android\AndroidManifest.xml:15:23-60
	android:scheme
		ADDED from platforms\android\AndroidManifest.xml:15:61-98
provider#org.apache.cordova.camera.FileProvider
ADDED from platforms\android\AndroidManifest.xml:18:9-20:20
	android:authorities
		ADDED from platforms\android\AndroidManifest.xml:18:19-66
		INJECTED from platforms\android\AndroidManifest.xml
	android:grantUriPermissions
		ADDED from platforms\android\AndroidManifest.xml:18:92-126
	android:exported
		ADDED from platforms\android\AndroidManifest.xml:18:67-91
	android:name
		ADDED from platforms\android\AndroidManifest.xml:18:127-180
meta-data#android.support.FILE_PROVIDER_PATHS
ADDED from platforms\android\AndroidManifest.xml:19:13-123
	android:resource
		ADDED from platforms\android\AndroidManifest.xml:19:75-120
	android:name
		ADDED from platforms\android\AndroidManifest.xml:19:24-74
meta-data#com.kakao.sdk.AppKey
ADDED from platforms\android\AndroidManifest.xml:21:9-96
	android:value
		ADDED from platforms\android\AndroidManifest.xml:21:56-93
	android:name
		ADDED from platforms\android\AndroidManifest.xml:21:20-55
uses-sdk
ADDED from platforms\android\AndroidManifest.xml:23:5-74
MERGED from [com.kakao.sdk:kakaotalk:1.12.0] AndroidManifest.xml:10:5-12:41
MERGED from [com.kakao.sdk:friends:1.12.0] AndroidManifest.xml:7:5-9:41
MERGED from [com.kakao.sdk:usermgmt:1.12.0] AndroidManifest.xml:10:5-12:41
MERGED from [com.kakao.sdk:auth:1.12.0] AndroidManifest.xml:7:5-9:41
MERGED from [com.kakao.sdk:kakaolink:1.12.0] AndroidManifest.xml:8:5-11:62
MERGED from [com.android.support:customtabs:27.0.1] AndroidManifest.xml:20:5-44
MERGED from [com.kakao.sdk:network:1.12.0] AndroidManifest.xml:7:5-9:41
MERGED from [com.kakao.sdk:util:1.12.0] AndroidManifest.xml:10:5-12:41
MERGED from [com.kakao.sdk:message-template:1.12.0] AndroidManifest.xml:7:5-9:41
MERGED from [com.android.support:appcompat-v7:25.4.0] AndroidManifest.xml:21:5-23:78
MERGED from [com.android.support:support-v4:27.1.1] AndroidManifest.xml:20:5-44
MERGED from [com.android.support:support-media-compat:27.1.1] AndroidManifest.xml:20:5-44
MERGED from [com.android.support:support-fragment:27.1.1] AndroidManifest.xml:20:5-44
MERGED from [android.arch.lifecycle:livedata-core:1.1.0] AndroidManifest.xml:20:5-44
MERGED from [android.arch.core:runtime:1.1.0] AndroidManifest.xml:20:5-44
MERGED from [android.arch.lifecycle:viewmodel:1.1.0] AndroidManifest.xml:20:5-44
MERGED from [com.android.support:animated-vector-drawable:25.4.0] AndroidManifest.xml:20:5-44
MERGED from [com.android.support:support-vector-drawable:25.4.0] AndroidManifest.xml:20:5-43
MERGED from [com.android.support:support-core-ui:27.1.1] AndroidManifest.xml:20:5-44
MERGED from [com.android.support:support-core-utils:27.1.1] AndroidManifest.xml:20:5-44
MERGED from [com.android.support:support-compat:27.1.1] AndroidManifest.xml:20:5-44
MERGED from [android.arch.lifecycle:runtime:1.1.0] AndroidManifest.xml:20:5-44
MERGED from [org.apache.cordova:CordovaLib:6.3.0:release] AndroidManifest.xml:25:5-44
	tools:overrideLibrary
		ADDED from [com.kakao.sdk:kakaolink:1.12.0] AndroidManifest.xml:11:9-59
	android:targetSdkVersion
		ADDED from platforms\android\AndroidManifest.xml:23:42-71
	android:minSdkVersion
		ADDED from platforms\android\AndroidManifest.xml:23:15-41
uses-permission#android.permission.READ_EXTERNAL_STORAGE
ADDED from platforms\android\AndroidManifest.xml:24:5-80
	android:name
		ADDED from platforms\android\AndroidManifest.xml:24:22-77
uses-permission#android.permission.WRITE_EXTERNAL_STORAGE
ADDED from platforms\android\AndroidManifest.xml:25:5-81
	android:name
		ADDED from platforms\android\AndroidManifest.xml:25:22-78
uses-permission#android.permission.CAMERA
ADDED from platforms\android\AndroidManifest.xml:26:5-65
	android:name
		ADDED from platforms\android\AndroidManifest.xml:26:22-62
uses-permission#android.permission.ACCESS_COARSE_LOCATION
ADDED from platforms\android\AndroidManifest.xml:27:5-81
	android:name
		ADDED from platforms\android\AndroidManifest.xml:27:22-78
uses-permission#android.permission.ACCESS_FINE_LOCATION
ADDED from platforms\android\AndroidManifest.xml:28:5-79
	android:name
		ADDED from platforms\android\AndroidManifest.xml:28:22-76
uses-feature#android.hardware.location.gps
ADDED from platforms\android\AndroidManifest.xml:29:5-66
	android:name
		ADDED from platforms\android\AndroidManifest.xml:29:19-63
activity#com.kakao.auth.authorization.authcode.KakaoWebViewActivity
ADDED from [com.kakao.sdk:auth:1.12.0] AndroidManifest.xml:12:9-23:20
	android:label
		ADDED from [com.kakao.sdk:auth:1.12.0] AndroidManifest.xml:15:13-59
	android:launchMode
		ADDED from [com.kakao.sdk:auth:1.12.0] AndroidManifest.xml:16:13-43
	android:windowSoftInputMode
		ADDED from [com.kakao.sdk:auth:1.12.0] AndroidManifest.xml:17:13-55
	android:configChanges
		ADDED from [com.kakao.sdk:auth:1.12.0] AndroidManifest.xml:14:13-59
	android:name
		ADDED from [com.kakao.sdk:auth:1.12.0] AndroidManifest.xml:13:13-86
intent-filter#android.intent.action.MAIN+android.intent.category.DEFAULT
ADDED from [com.kakao.sdk:auth:1.12.0] AndroidManifest.xml:18:13-22:29
meta-data#android.support.VERSION
ADDED from [com.android.support:appcompat-v7:25.4.0] AndroidManifest.xml:26:9-28:38
MERGED from [com.android.support:animated-vector-drawable:25.4.0] AndroidManifest.xml:23:9-25:38
MERGED from [com.android.support:support-vector-drawable:25.4.0] AndroidManifest.xml:23:9-25:38
	android:value
		ADDED from [com.android.support:appcompat-v7:25.4.0] AndroidManifest.xml:28:13-35
	android:name
		ADDED from [com.android.support:appcompat-v7:25.4.0] AndroidManifest.xml:27:13-51